  [1m[35m (0.8ms)[0m  [1m[34mSELECT sqlite_version(*)[0m
  [1m[35m (5.5ms)[0m  [1m[35mCREATE TABLE "schema_migrations" ("version" varchar NOT NULL PRIMARY KEY)[0m
  [1m[35m (4.7ms)[0m  [1m[35mCREATE TABLE "ar_internal_metadata" ("key" varchar NOT NULL PRIMARY KEY, "value" varchar, "created_at" datetime NOT NULL, "updated_at" datetime NOT NULL)[0m
  [1m[35m (0.4ms)[0m  [1m[34mSELECT "schema_migrations"."version" FROM "schema_migrations" ORDER BY "schema_migrations"."version" ASC[0m
Migrating to CreateRecipes (20170911172420)
  [1m[35m (0.7ms)[0m  [1m[36mbegin transaction[0m
  [1m[35m (2.2ms)[0m  [1m[35mCREATE TABLE "recipes" ("id" INTEGER PRIMARY KEY AUTOINCREMENT NOT NULL, "name" varchar, "ingredients" varchar, "description" text, "created_at" datetime NOT NULL, "updated_at" datetime NOT NULL)[0m
  [1m[35mSQL (0.5ms)[0m  [1m[32mINSERT INTO "schema_migrations" ("version") VALUES (?)[0m  [["version", "20170911172420"]]
  [1m[35m (3.1ms)[0m  [1m[36mcommit transaction[0m
Migrating to CreateIngredients (20170911172928)
  [1m[35m (0.1ms)[0m  [1m[36mbegin transaction[0m
  [1m[35m (3.0ms)[0m  [1m[35mCREATE TABLE "ingredients" ("id" INTEGER PRIMARY KEY AUTOINCREMENT NOT NULL, "ingredient" varchar, "amount" varchar, "recipe_id" integer, "created_at" datetime NOT NULL, "updated_at" datetime NOT NULL)[0m
  [1m[35mSQL (5.1ms)[0m  [1m[32mINSERT INTO "schema_migrations" ("version") VALUES (?)[0m  [["version", "20170911172928"]]
  [1m[35m (24.2ms)[0m  [1m[36mcommit transaction[0m
Migrating to CreateDirections (20170911173153)
  [1m[35m (0.2ms)[0m  [1m[36mbegin transaction[0m
  [1m[35m (2.1ms)[0m  [1m[35mCREATE TABLE "directions" ("id" INTEGER PRIMARY KEY AUTOINCREMENT NOT NULL, "step" varchar, "recipe_id" integer, "created_at" datetime NOT NULL, "updated_at" datetime NOT NULL)[0m
  [1m[35mSQL (1.9ms)[0m  [1m[32mINSERT INTO "schema_migrations" ("version") VALUES (?)[0m  [["version", "20170911173153"]]
  [1m[35m (11.5ms)[0m  [1m[36mcommit transaction[0m
  [1m[36mActiveRecord::InternalMetadata Load (7.8ms)[0m  [1m[34mSELECT  "ar_internal_metadata".* FROM "ar_internal_metadata" WHERE "ar_internal_metadata"."key" = ? LIMIT ?[0m  [["key", "environment"], ["LIMIT", 1]]
  [1m[35m (0.1ms)[0m  [1m[36mbegin transaction[0m
  [1m[35mSQL (32.8ms)[0m  [1m[32mINSERT INTO "ar_internal_metadata" ("key", "value", "created_at", "updated_at") VALUES (?, ?, ?, ?)[0m  [["key", "environment"], ["value", "development"], ["created_at", "2017-09-11 17:32:50.103699"], ["updated_at", "2017-09-11 17:32:50.103699"]]
  [1m[35m (3.3ms)[0m  [1m[36mcommit transaction[0m
  [1m[35m (0.3ms)[0m  [1m[34mSELECT "schema_migrations"."version" FROM "schema_migrations" ORDER BY "schema_migrations"."version" ASC[0m
  [1m[35m (0.8ms)[0m  [1m[34mSELECT "schema_migrations"."version" FROM "schema_migrations" ORDER BY "schema_migrations"."version" ASC[0m
Migrating to AddRecipeIdToDirections (20170911173536)
  [1m[35m (0.2ms)[0m  [1m[36mbegin transaction[0m
  [1m[35m (1.9ms)[0m  [1m[35mALTER TABLE "directions" ADD "description" text[0m
  [1m[35mSQL (0.9ms)[0m  [1m[32mINSERT INTO "schema_migrations" ("version") VALUES (?)[0m  [["version", "20170911173536"]]
  [1m[35m (1.1ms)[0m  [1m[36mcommit transaction[0m
  [1m[36mActiveRecord::InternalMetadata Load (1.1ms)[0m  [1m[34mSELECT  "ar_internal_metadata".* FROM "ar_internal_metadata" WHERE "ar_internal_metadata"."key" = ? LIMIT ?[0m  [["key", "environment"], ["LIMIT", 1]]
  [1m[35m (0.1ms)[0m  [1m[36mbegin transaction[0m
  [1m[35m (0.1ms)[0m  [1m[36mcommit transaction[0m
  [1m[35m (0.3ms)[0m  [1m[34mSELECT "schema_migrations"."version" FROM "schema_migrations" ORDER BY "schema_migrations"."version" ASC[0m
  [1m[35m (0.8ms)[0m  [1m[34mSELECT "schema_migrations"."version" FROM "schema_migrations" ORDER BY "schema_migrations"."version" ASC[0m
  [1m[36mActiveRecord::InternalMetadata Load (1.4ms)[0m  [1m[34mSELECT  "ar_internal_metadata".* FROM "ar_internal_metadata" WHERE "ar_internal_metadata"."key" = ? LIMIT ?[0m  [["key", "environment"], ["LIMIT", 1]]
  [1m[35m (0.1ms)[0m  [1m[36mbegin transaction[0m
  [1m[35m (0.1ms)[0m  [1m[36mcommit transaction[0m
  [1m[35m (0.2ms)[0m  [1m[34mSELECT "schema_migrations"."version" FROM "schema_migrations" ORDER BY "schema_migrations"."version" ASC[0m
Started GET "/" for 127.0.0.1 at 2017-09-11 13:51:23 -0400
  [1m[35m (0.8ms)[0m  [1m[34mSELECT "schema_migrations"."version" FROM "schema_migrations" ORDER BY "schema_migrations"."version" ASC[0m
Processing by RecipesController#index as HTML
  Rendering recipes/index.html.erb within layouts/application
  [1m[36mRecipe Load (0.8ms)[0m  [1m[34mSELECT  "recipes".* FROM "recipes" LIMIT ? OFFSET ?[0m  [["LIMIT", 8], ["OFFSET", 0]]
  Rendered recipes/index.html.erb within layouts/application (98.7ms)
Completed 200 OK in 23183ms (Views: 23034.1ms | ActiveRecord: 1.4ms)


Started GET "/recipes/new" for 127.0.0.1 at 2017-09-11 13:52:03 -0400
Processing by RecipesController#new as HTML
  Rendering recipes/new.html.erb within layouts/application
  Rendered recipes/_ingredient_fields.html.erb (19.8ms)
  Rendered recipes/_form.html.erb (81.8ms)
  Rendered recipes/new.html.erb within layouts/application (89.1ms)
Completed 500 Internal Server Error in 232ms (ActiveRecord: 9.7ms)


  
ActionView::Template::Error (undefined method `new_record?' for nil:NilClass):
    5:     <%= f.label :amount %>
    6:     <%= f.text_field :amount %>
    7:   </div>
    8:   <%= link_to_remove_association "remove ingredient", f %>
    9: </div>
  
app/views/recipes/_ingredient_fields.html.erb:8:in `_app_views_recipes__ingredient_fields_html_erb___1063571196318159927_70259670225020'
app/views/recipes/_form.html.erb:27:in `block (2 levels) in _app_views_recipes__form_html_erb__2962584878474816011_70259670439240'
app/views/recipes/_form.html.erb:26:in `block in _app_views_recipes__form_html_erb__2962584878474816011_70259670439240'
app/views/recipes/_form.html.erb:1:in `_app_views_recipes__form_html_erb__2962584878474816011_70259670439240'
app/views/recipes/new.html.erb:1:in `_app_views_recipes_new_html_erb__1475910734033923189_70259670457540'
Started GET "/recipes/new" for 127.0.0.1 at 2017-09-11 13:55:06 -0400
Processing by RecipesController#new as HTML
  Rendering recipes/new.html.erb within layouts/application
  Rendered recipes/_ingredient_fields.html.erb (589.2ms)
  Rendered recipes/_form.html.erb (744.2ms)
  Rendered recipes/new.html.erb within layouts/application (847.0ms)
Completed 500 Internal Server Error in 1063ms (ActiveRecord: 0.0ms)


  
ActionView::Template::Error (undefined method `object' for nil:NilClass):
    5:     <%= f.label :amount %>
    6:     <%= f.text_field :amount %>
    7:   </div>
    8:   <%= link_to_remove_association "remove ingredient" %>
    9: </div>
  
app/views/recipes/_ingredient_fields.html.erb:8:in `_app_views_recipes__ingredient_fields_html_erb___1063571196318159927_70259659161760'
app/views/recipes/_form.html.erb:27:in `block (2 levels) in _app_views_recipes__form_html_erb__2962584878474816011_70259659346920'
app/views/recipes/_form.html.erb:26:in `block in _app_views_recipes__form_html_erb__2962584878474816011_70259659346920'
app/views/recipes/_form.html.erb:1:in `_app_views_recipes__form_html_erb__2962584878474816011_70259659346920'
app/views/recipes/new.html.erb:1:in `_app_views_recipes_new_html_erb__1475910734033923189_70259659440840'
Started GET "/" for 127.0.0.1 at 2017-09-11 13:56:05 -0400
Processing by RecipesController#index as HTML
  Rendering recipes/index.html.erb within layouts/application
  [1m[36mRecipe Load (208.1ms)[0m  [1m[34mSELECT  "recipes".* FROM "recipes" LIMIT ? OFFSET ?[0m  [["LIMIT", 8], ["OFFSET", 0]]
  Rendered recipes/index.html.erb within layouts/application (2089.0ms)
Completed 200 OK in 4424ms (Views: 4029.2ms | ActiveRecord: 208.1ms)


Started GET "/recipes/new" for 127.0.0.1 at 2017-09-11 13:56:20 -0400
Processing by RecipesController#new as HTML
  Rendering recipes/new.html.erb within layouts/application
  Rendered recipes/_ingredient_fields.html.erb (80.0ms)
  Rendered recipes/_form.html.erb (118.6ms)
  Rendered recipes/new.html.erb within layouts/application (164.2ms)
Completed 500 Internal Server Error in 301ms (ActiveRecord: 0.0ms)


  
ActionView::Template::Error (undefined method `new_record?' for nil:NilClass):
    5:     <%= f.label :amount %>
    6:     <%= f.text_field :amount %>
    7:   </div>
    8:   <%= link_to_remove_association "remove ingredient", f %>
    9: </div>
  
app/views/recipes/_ingredient_fields.html.erb:8:in `_app_views_recipes__ingredient_fields_html_erb___1063571196318159927_70259667829600'
app/views/recipes/_form.html.erb:27:in `block (2 levels) in _app_views_recipes__form_html_erb__2962584878474816011_70259662527040'
app/views/recipes/_form.html.erb:26:in `block in _app_views_recipes__form_html_erb__2962584878474816011_70259662527040'
app/views/recipes/_form.html.erb:1:in `_app_views_recipes__form_html_erb__2962584878474816011_70259662527040'
app/views/recipes/new.html.erb:1:in `_app_views_recipes_new_html_erb__1475910734033923189_70259667869580'
Started GET "/" for 127.0.0.1 at 2017-09-11 13:58:05 -0400
Processing by RecipesController#index as HTML
  Rendering recipes/index.html.erb within layouts/application
  [1m[36mRecipe Load (3.7ms)[0m  [1m[34mSELECT  "recipes".* FROM "recipes" LIMIT ? OFFSET ?[0m  [["LIMIT", 8], ["OFFSET", 0]]
  Rendered recipes/index.html.erb within layouts/application (102.4ms)
Completed 200 OK in 856ms (Views: 773.0ms | ActiveRecord: 3.7ms)


Started GET "/recipes/new" for 127.0.0.1 at 2017-09-11 14:12:58 -0400
Processing by RecipesController#new as HTML
  Rendering recipes/new.html.erb within layouts/application
  Rendered recipes/_ingredient_fields.html.erb (255.6ms)
  Rendered recipes/_form.html.erb (600.4ms)
  Rendered recipes/new.html.erb within layouts/application (668.4ms)
Completed 500 Internal Server Error in 979ms (ActiveRecord: 0.0ms)


  
ActionView::Template::Error (undefined method `new_record?' for nil:NilClass):
    5:     <%= f.label :amount %>
    6:     <%= f.text_field :amount %>
    7:   </div>
    8:   <%= link_to_remove_association "remove ingredient", f %>
    9: </div>
  
app/views/recipes/_ingredient_fields.html.erb:8:in `_app_views_recipes__ingredient_fields_html_erb___1063571196318159927_70259672893880'
app/views/recipes/_form.html.erb:27:in `block (2 levels) in _app_views_recipes__form_html_erb__2962584878474816011_70259672964500'
app/views/recipes/_form.html.erb:26:in `block in _app_views_recipes__form_html_erb__2962584878474816011_70259672964500'
app/views/recipes/_form.html.erb:1:in `_app_views_recipes__form_html_erb__2962584878474816011_70259672964500'
app/views/recipes/new.html.erb:1:in `_app_views_recipes_new_html_erb__1475910734033923189_70259669812000'
Started GET "/" for 127.0.0.1 at 2017-09-11 14:20:02 -0400
  [1m[35m (0.9ms)[0m  [1m[34mSELECT "schema_migrations"."version" FROM "schema_migrations" ORDER BY "schema_migrations"."version" ASC[0m
Processing by RecipesController#index as HTML
  Rendering recipes/index.html.erb within layouts/application
  [1m[36mRecipe Load (1.0ms)[0m  [1m[34mSELECT  "recipes".* FROM "recipes" LIMIT ? OFFSET ?[0m  [["LIMIT", 8], ["OFFSET", 0]]
  Rendered recipes/index.html.erb within layouts/application (444.1ms)
Completed 200 OK in 2501ms (Views: 2380.4ms | ActiveRecord: 1.6ms)


Started GET "/recipes/new" for 127.0.0.1 at 2017-09-11 14:20:16 -0400
Processing by RecipesController#new as HTML
  Rendering recipes/new.html.erb within layouts/application
  Rendered recipes/_ingredient_fields.html.erb (20.1ms)
  Rendered recipes/_form.html.erb (94.6ms)
  Rendered recipes/new.html.erb within layouts/application (100.5ms)
Completed 500 Internal Server Error in 214ms (ActiveRecord: 13.2ms)


  
ActionView::Template::Error (undefined method `new_record?' for nil:NilClass):
    5:     <%= f.label :amount %>
    6:     <%= f.text_field :amount %>
    7:   </div>
    8:   <%= link_to_remove_association "remove ingredient", f %>
    9: </div>
  
app/views/recipes/_ingredient_fields.html.erb:8:in `_app_views_recipes__ingredient_fields_html_erb___1731577223316154675_70210828567140'
app/views/recipes/_form.html.erb:27:in `block (2 levels) in _app_views_recipes__form_html_erb___389774730812689757_70210822764640'
app/views/recipes/_form.html.erb:26:in `block in _app_views_recipes__form_html_erb___389774730812689757_70210822764640'
app/views/recipes/_form.html.erb:1:in `_app_views_recipes__form_html_erb___389774730812689757_70210822764640'
app/views/recipes/new.html.erb:1:in `_app_views_recipes_new_html_erb___1003914506831604407_70210822319880'
  [1m[35m (0.9ms)[0m  [1m[34mSELECT "schema_migrations"."version" FROM "schema_migrations" ORDER BY "schema_migrations"."version" ASC[0m
  [1m[36mActiveRecord::InternalMetadata Load (2.0ms)[0m  [1m[34mSELECT  "ar_internal_metadata".* FROM "ar_internal_metadata" WHERE "ar_internal_metadata"."key" = ? LIMIT ?[0m  [["key", "environment"], ["LIMIT", 1]]
  [1m[35m (0.1ms)[0m  [1m[36mbegin transaction[0m
  [1m[35m (0.6ms)[0m  [1m[36mcommit transaction[0m
  [1m[35m (0.2ms)[0m  [1m[34mSELECT "schema_migrations"."version" FROM "schema_migrations" ORDER BY "schema_migrations"."version" ASC[0m
Started GET "/" for 127.0.0.1 at 2017-09-11 14:50:26 -0400
  [1m[35m (3.4ms)[0m  [1m[34mSELECT "schema_migrations"."version" FROM "schema_migrations" ORDER BY "schema_migrations"."version" ASC[0m
Processing by RecipesController#index as HTML
  Rendering recipes/index.html.erb within layouts/application
  [1m[36mRecipe Load (0.9ms)[0m  [1m[34mSELECT  "recipes".* FROM "recipes" LIMIT ? OFFSET ?[0m  [["LIMIT", 8], ["OFFSET", 0]]
  Rendered recipes/index.html.erb within layouts/application (132.4ms)
Completed 200 OK in 3428ms (Views: 3083.6ms | ActiveRecord: 1.6ms)


Started GET "/recipes/new" for 127.0.0.1 at 2017-09-11 14:50:39 -0400
Processing by RecipesController#new as HTML
  Rendering recipes/new.html.erb within layouts/application
  Rendered recipes/_ingredient_fields.html.erb (13.6ms)
  Rendered recipes/_direction_fields.html.erb (10.8ms)
  Rendered recipes/_form.html.erb (1104.3ms)
  Rendered recipes/new.html.erb within layouts/application (1125.5ms)
Completed 200 OK in 1891ms (Views: 1688.5ms | ActiveRecord: 12.2ms)


Started POST "/recipes" for 127.0.0.1 at 2017-09-11 14:52:56 -0400
Processing by RecipesController#create as HTML
  Parameters: {"utf8"=>"✓", "authenticity_token"=>"LuwcAw1gF4aFbVSSZLsz8JZ9lROkjQWOi7Tb+9vF1shwg622RYbvhNSFg/H2oGv+Fsb2JFddjJ1mhr8iWMI2nQ==", "recipe"=>{"name"=>"chicken parm", "description"=>"Breaded chicken covered in cheese served over a bead of pasta ", "ingredients_attributes"=>{"1505155895112"=>{"ingredient"=>"chicken ", "amount"=>"1 lb", "_destroy"=>"false"}, "1505155912488"=>{"ingredient"=>"pasta ", "amount"=>"1 lb", "_destroy"=>"false"}, "1505155926931"=>{"ingredient"=>"cheese ", "amount"=>"can never have to much cheese ", "_destroy"=>"false"}}, "directions_attributes"=>{"1505155967266"=>{"description"=>"cook all the stuff ", "_destroy"=>"false"}}}, "commit"=>"Create Recipe"}
Unpermitted parameter: :amount
Unpermitted parameter: :amount
Unpermitted parameter: :amount
  [1m[35m (0.3ms)[0m  [1m[36mbegin transaction[0m
  [1m[35mSQL (3.7ms)[0m  [1m[32mINSERT INTO "recipes" ("name", "description", "created_at", "updated_at") VALUES (?, ?, ?, ?)[0m  [["name", "chicken parm"], ["description", "Breaded chicken covered in cheese served over a bead of pasta "], ["created_at", "2017-09-11 18:52:57.158171"], ["updated_at", "2017-09-11 18:52:57.158171"]]
  [1m[35mSQL (6.4ms)[0m  [1m[32mINSERT INTO "directions" ("recipe_id", "created_at", "updated_at", "description") VALUES (?, ?, ?, ?)[0m  [["recipe_id", 1], ["created_at", "2017-09-11 18:52:57.272560"], ["updated_at", "2017-09-11 18:52:57.272560"], ["description", "cook all the stuff "]]
  [1m[35mSQL (2.4ms)[0m  [1m[32mINSERT INTO "ingredients" ("ingredient", "recipe_id", "created_at", "updated_at") VALUES (?, ?, ?, ?)[0m  [["ingredient", "chicken "], ["recipe_id", 1], ["created_at", "2017-09-11 18:52:57.354765"], ["updated_at", "2017-09-11 18:52:57.354765"]]
  [1m[35mSQL (0.3ms)[0m  [1m[32mINSERT INTO "ingredients" ("ingredient", "recipe_id", "created_at", "updated_at") VALUES (?, ?, ?, ?)[0m  [["ingredient", "pasta "], ["recipe_id", 1], ["created_at", "2017-09-11 18:52:57.368986"], ["updated_at", "2017-09-11 18:52:57.368986"]]
  [1m[35mSQL (1.2ms)[0m  [1m[32mINSERT INTO "ingredients" ("ingredient", "recipe_id", "created_at", "updated_at") VALUES (?, ?, ?, ?)[0m  [["ingredient", "cheese "], ["recipe_id", 1], ["created_at", "2017-09-11 18:52:57.379197"], ["updated_at", "2017-09-11 18:52:57.379197"]]
  [1m[35m (71.1ms)[0m  [1m[36mcommit transaction[0m
Redirected to http://localhost:3000/recipes/1
Completed 302 Found in 524ms (ActiveRecord: 85.4ms)


Started GET "/recipes/1" for 127.0.0.1 at 2017-09-11 14:52:57 -0400
Processing by RecipesController#show as HTML
  Parameters: {"id"=>"1"}
  [1m[36mRecipe Load (0.5ms)[0m  [1m[34mSELECT  "recipes".* FROM "recipes" WHERE "recipes"."id" = ? LIMIT ?[0m  [["id", 1], ["LIMIT", 1]]
  Rendering recipes/show.html.erb within layouts/application
  [1m[36mIngredient Load (0.5ms)[0m  [1m[34mSELECT "ingredients".* FROM "ingredients" WHERE "ingredients"."recipe_id" = ?[0m  [["recipe_id", 1]]
  [1m[36mDirection Load (1.4ms)[0m  [1m[34mSELECT "directions".* FROM "directions" WHERE "directions"."recipe_id" = ?[0m  [["recipe_id", 1]]
  Rendered recipes/show.html.erb within layouts/application (34.3ms)
Completed 200 OK in 929ms (Views: 877.5ms | ActiveRecord: 2.3ms)


Started GET "/" for 127.0.0.1 at 2017-09-11 14:53:37 -0400
Processing by RecipesController#index as HTML
  Rendering recipes/index.html.erb within layouts/application
  [1m[36mRecipe Load (2.3ms)[0m  [1m[34mSELECT  "recipes".* FROM "recipes" LIMIT ? OFFSET ?[0m  [["LIMIT", 8], ["OFFSET", 0]]
  Rendered recipes/index.html.erb within layouts/application (96.1ms)
Completed 200 OK in 537ms (Views: 477.5ms | ActiveRecord: 2.3ms)


Started GET "/" for 127.0.0.1 at 2017-09-11 14:55:55 -0400
Processing by RecipesController#index as HTML
  Rendering recipes/index.html.erb within layouts/application
  [1m[36mRecipe Load (3.6ms)[0m  [1m[34mSELECT  "recipes".* FROM "recipes" LIMIT ? OFFSET ?[0m  [["LIMIT", 8], ["OFFSET", 0]]
  Rendered recipes/index.html.erb within layouts/application (374.0ms)
Completed 200 OK in 12899ms (Views: 12744.0ms | ActiveRecord: 6.5ms)


Started GET "/recipes/1" for 127.0.0.1 at 2017-09-11 14:56:19 -0400
Processing by RecipesController#show as HTML
  Parameters: {"id"=>"1"}
  [1m[36mRecipe Load (1.0ms)[0m  [1m[34mSELECT  "recipes".* FROM "recipes" WHERE "recipes"."id" = ? LIMIT ?[0m  [["id", 1], ["LIMIT", 1]]
  Rendering recipes/show.html.erb within layouts/application
  [1m[36mIngredient Load (0.8ms)[0m  [1m[34mSELECT "ingredients".* FROM "ingredients" WHERE "ingredients"."recipe_id" = ?[0m  [["recipe_id", 1]]
  [1m[36mDirection Load (0.8ms)[0m  [1m[34mSELECT "directions".* FROM "directions" WHERE "directions"."recipe_id" = ?[0m  [["recipe_id", 1]]
  Rendered recipes/show.html.erb within layouts/application (64.2ms)
Completed 200 OK in 293ms (Views: 225.7ms | ActiveRecord: 6.1ms)


Started GET "/recipes/1" for 127.0.0.1 at 2017-09-11 14:59:24 -0400
Processing by RecipesController#show as HTML
  Parameters: {"id"=>"1"}
  [1m[36mRecipe Load (12.8ms)[0m  [1m[34mSELECT  "recipes".* FROM "recipes" WHERE "recipes"."id" = ? LIMIT ?[0m  [["id", 1], ["LIMIT", 1]]
  Rendering recipes/show.html.erb within layouts/application
  [1m[36mIngredient Load (1.0ms)[0m  [1m[34mSELECT "ingredients".* FROM "ingredients" WHERE "ingredients"."recipe_id" = ?[0m  [["recipe_id", 1]]
  [1m[36mDirection Load (18.3ms)[0m  [1m[34mSELECT "directions".* FROM "directions" WHERE "directions"."recipe_id" = ?[0m  [["recipe_id", 1]]
  Rendered recipes/show.html.erb within layouts/application (228.7ms)
Completed 200 OK in 1466ms (Views: 1153.3ms | ActiveRecord: 32.1ms)


Started GET "/recipes/1" for 127.0.0.1 at 2017-09-11 15:17:20 -0400
  [1m[35m (1.2ms)[0m  [1m[34mSELECT "schema_migrations"."version" FROM "schema_migrations" ORDER BY "schema_migrations"."version" ASC[0m
Processing by RecipesController#show as HTML
  Parameters: {"id"=>"1"}
  [1m[36mRecipe Load (0.9ms)[0m  [1m[34mSELECT  "recipes".* FROM "recipes" WHERE "recipes"."id" = ? LIMIT ?[0m  [["id", 1], ["LIMIT", 1]]
  Rendering recipes/show.html.erb within layouts/application
  [1m[36mIngredient Load (9.2ms)[0m  [1m[34mSELECT "ingredients".* FROM "ingredients" WHERE "ingredients"."recipe_id" = ?[0m  [["recipe_id", 1]]
  [1m[36mDirection Load (1.0ms)[0m  [1m[34mSELECT "directions".* FROM "directions" WHERE "directions"."recipe_id" = ?[0m  [["recipe_id", 1]]
  Rendered recipes/show.html.erb within layouts/application (277.9ms)
Completed 200 OK in 2689ms (Views: 2307.9ms | ActiveRecord: 31.0ms)


Started GET "/recipes/1" for 127.0.0.1 at 2017-09-11 15:18:25 -0400
Processing by RecipesController#show as HTML
  Parameters: {"id"=>"1"}
  [1m[36mRecipe Load (10.3ms)[0m  [1m[34mSELECT  "recipes".* FROM "recipes" WHERE "recipes"."id" = ? LIMIT ?[0m  [["id", 1], ["LIMIT", 1]]
  Rendering recipes/show.html.erb within layouts/application
  Rendered recipes/show.html.erb within layouts/application (185.7ms)
Completed 500 Internal Server Error in 546ms (ActiveRecord: 10.3ms)


  
ActionView::Template::Error (undefined method `each' for "Breaded chicken covered in cheese served over a bead of pasta ":String):
     7: 
     8: <p>
     9:   <strong>Description:</strong>
    10:   <%= @recipe.description.each %>
    11: </p>
    12: 
    13: <p>
  
app/views/recipes/show.html.erb:10:in `_app_views_recipes_show_html_erb___3579020945457737560_70231157337180'
Started GET "/recipes/1" for 127.0.0.1 at 2017-09-11 15:19:19 -0400
Processing by RecipesController#show as HTML
  Parameters: {"id"=>"1"}
  [1m[36mRecipe Load (2.2ms)[0m  [1m[34mSELECT  "recipes".* FROM "recipes" WHERE "recipes"."id" = ? LIMIT ?[0m  [["id", 1], ["LIMIT", 1]]
  Rendering recipes/show.html.erb within layouts/application
  [1m[36mIngredient Load (1.0ms)[0m  [1m[34mSELECT "ingredients".* FROM "ingredients" WHERE "ingredients"."recipe_id" = ?[0m  [["recipe_id", 1]]
  [1m[36mDirection Load (2.2ms)[0m  [1m[34mSELECT "directions".* FROM "directions" WHERE "directions"."recipe_id" = ?[0m  [["recipe_id", 1]]
  Rendered recipes/show.html.erb within layouts/application (88.4ms)
Completed 200 OK in 1714ms (Views: 1660.7ms | ActiveRecord: 5.4ms)


Started GET "/recipes/1" for 127.0.0.1 at 2017-09-11 15:20:41 -0400
Processing by RecipesController#show as HTML
  Parameters: {"id"=>"1"}
  [1m[36mRecipe Load (16.7ms)[0m  [1m[34mSELECT  "recipes".* FROM "recipes" WHERE "recipes"."id" = ? LIMIT ?[0m  [["id", 1], ["LIMIT", 1]]
  Rendering recipes/show.html.erb within layouts/application
  Rendered recipes/show.html.erb within layouts/application (67.9ms)
Completed 200 OK in 1718ms (Views: 1430.8ms | ActiveRecord: 16.7ms)


Started GET "/recipes/1" for 127.0.0.1 at 2017-09-11 15:21:10 -0400
Processing by RecipesController#show as HTML
  Parameters: {"id"=>"1"}
  [1m[36mRecipe Load (2.6ms)[0m  [1m[34mSELECT  "recipes".* FROM "recipes" WHERE "recipes"."id" = ? LIMIT ?[0m  [["id", 1], ["LIMIT", 1]]
  Rendering recipes/show.html.erb within layouts/application
  Rendered recipes/show.html.erb within layouts/application (476.6ms)
Completed 500 Internal Server Error in 650ms (ActiveRecord: 2.6ms)


  
ActionView::Template::Error (undefined method `ingredient' for #<Recipe:0x007fbff3622158>
Did you mean?  ingredients
               ingredients=
               ingredients?
               increment):
    12: 
    13: <p>
    14:   <strong>Ingredients:</strong>
    15:   <%= @recipe.ingredient %>
    16: </p>
    17: 
    18: <p>
  
app/views/recipes/show.html.erb:15:in `_app_views_recipes_show_html_erb___3579020945457737560_70231199384240'
Started GET "/recipes/1" for 127.0.0.1 at 2017-09-11 15:22:32 -0400
Processing by RecipesController#show as HTML
  Parameters: {"id"=>"1"}
  [1m[36mRecipe Load (9.5ms)[0m  [1m[34mSELECT  "recipes".* FROM "recipes" WHERE "recipes"."id" = ? LIMIT ?[0m  [["id", 1], ["LIMIT", 1]]
  Rendering recipes/show.html.erb within layouts/application
  Rendered recipes/show.html.erb within layouts/application (415.4ms)
Completed 200 OK in 3320ms (Views: 2979.8ms | ActiveRecord: 9.5ms)


Started GET "/recipes/1" for 127.0.0.1 at 2017-09-11 15:23:25 -0400
Processing by RecipesController#show as HTML
  Parameters: {"id"=>"1"}
  [1m[36mRecipe Load (2.5ms)[0m  [1m[34mSELECT  "recipes".* FROM "recipes" WHERE "recipes"."id" = ? LIMIT ?[0m  [["id", 1], ["LIMIT", 1]]
  Rendering recipes/show.html.erb within layouts/application
  [1m[36mIngredient Load (0.8ms)[0m  [1m[34mSELECT "ingredients".* FROM "ingredients" WHERE "ingredients"."recipe_id" = ?[0m  [["recipe_id", 1]]
  [1m[36mDirection Load (0.3ms)[0m  [1m[34mSELECT "directions".* FROM "directions" WHERE "directions"."recipe_id" = ?[0m  [["recipe_id", 1]]
  Rendered recipes/show.html.erb within layouts/application (430.3ms)
Completed 200 OK in 1604ms (Views: 1564.4ms | ActiveRecord: 3.7ms)


Started GET "/recipes/1" for 127.0.0.1 at 2017-09-11 15:26:54 -0400
Processing by RecipesController#show as HTML
  Parameters: {"id"=>"1"}
  [1m[36mRecipe Load (11.6ms)[0m  [1m[34mSELECT  "recipes".* FROM "recipes" WHERE "recipes"."id" = ? LIMIT ?[0m  [["id", 1], ["LIMIT", 1]]
  Rendering recipes/show.html.erb within layouts/application
  Rendered recipes/show.html.erb within layouts/application (243.8ms)
Completed 200 OK in 2770ms (Views: 2425.4ms | ActiveRecord: 11.6ms)


Started GET "/recipes/1" for 127.0.0.1 at 2017-09-11 15:30:47 -0400
Processing by RecipesController#show as HTML
  Parameters: {"id"=>"1"}
  [1m[36mRecipe Load (7.1ms)[0m  [1m[34mSELECT  "recipes".* FROM "recipes" WHERE "recipes"."id" = ? LIMIT ?[0m  [["id", 1], ["LIMIT", 1]]
  Rendering recipes/show.html.erb within layouts/application
  Rendered recipes/show.html.erb within layouts/application (327.9ms)
Completed 500 Internal Server Error in 769ms (ActiveRecord: 7.1ms)


  
SyntaxError (/Users/brittencreasor/Downloads/Projects/Recipe_box/app/views/recipes/show.html.erb:28: syntax error, unexpected keyword_ensure, expecting keyword_end
          ensure
                ^
/Users/brittencreasor/Downloads/Projects/Recipe_box/app/views/recipes/show.html.erb:30: syntax error, unexpected end-of-input, expecting keyword_end):
  
app/views/recipes/show.html.erb:28: syntax error, unexpected keyword_ensure, expecting keyword_end
app/views/recipes/show.html.erb:30: syntax error, unexpected end-of-input, expecting keyword_end
Started GET "/recipes/1" for 127.0.0.1 at 2017-09-11 15:32:25 -0400
Processing by RecipesController#show as HTML
  Parameters: {"id"=>"1"}
  [1m[36mRecipe Load (22.8ms)[0m  [1m[34mSELECT  "recipes".* FROM "recipes" WHERE "recipes"."id" = ? LIMIT ?[0m  [["id", 1], ["LIMIT", 1]]
  Rendering recipes/show.html.erb within layouts/application
  Rendered recipes/show.html.erb within layouts/application (245.3ms)
Completed 500 Internal Server Error in 513ms (ActiveRecord: 22.8ms)


  
SyntaxError (/Users/brittencreasor/Downloads/Projects/Recipe_box/app/views/recipes/show.html.erb:28: syntax error, unexpected keyword_ensure, expecting keyword_end
          ensure
                ^):
  
app/views/recipes/show.html.erb:28: syntax error, unexpected keyword_ensure, expecting keyword_end
Started GET "/recipes/1" for 127.0.0.1 at 2017-09-11 15:33:17 -0400
Processing by RecipesController#show as HTML
  Parameters: {"id"=>"1"}
  [1m[36mRecipe Load (13.7ms)[0m  [1m[34mSELECT  "recipes".* FROM "recipes" WHERE "recipes"."id" = ? LIMIT ?[0m  [["id", 1], ["LIMIT", 1]]
  Rendering recipes/show.html.erb within layouts/application
  Rendered recipes/show.html.erb within layouts/application (28.3ms)
Completed 500 Internal Server Error in 197ms (ActiveRecord: 13.7ms)


  
SyntaxError (/Users/brittencreasor/Downloads/Projects/Recipe_box/app/views/recipes/show.html.erb:26: syntax error, unexpected keyword_ensure, expecting keyword_end
'.freeze; end ensure 
                    ^):
  
app/views/recipes/show.html.erb:26: syntax error, unexpected keyword_ensure, expecting keyword_end
Started GET "/recipes/1" for 127.0.0.1 at 2017-09-11 15:34:25 -0400
Processing by RecipesController#show as HTML
  Parameters: {"id"=>"1"}
  [1m[36mRecipe Load (4.0ms)[0m  [1m[34mSELECT  "recipes".* FROM "recipes" WHERE "recipes"."id" = ? LIMIT ?[0m  [["id", 1], ["LIMIT", 1]]
  Rendering recipes/show.html.erb within layouts/application
  [1m[36mIngredient Load (3.4ms)[0m  [1m[34mSELECT "ingredients".* FROM "ingredients" WHERE "ingredients"."recipe_id" = ?[0m  [["recipe_id", 1]]
  [1m[36mDirection Load (0.7ms)[0m  [1m[34mSELECT "directions".* FROM "directions" WHERE "directions"."recipe_id" = ?[0m  [["recipe_id", 1]]
  Rendered recipes/show.html.erb within layouts/application (424.8ms)
Completed 200 OK in 2439ms (Views: 2171.7ms | ActiveRecord: 8.0ms)


Started GET "/recipes/1" for 127.0.0.1 at 2017-09-11 15:39:06 -0400
Processing by RecipesController#show as HTML
  Parameters: {"id"=>"1"}
  [1m[36mRecipe Load (6.6ms)[0m  [1m[34mSELECT  "recipes".* FROM "recipes" WHERE "recipes"."id" = ? LIMIT ?[0m  [["id", 1], ["LIMIT", 1]]
  Rendering recipes/show.html.erb within layouts/application
  [1m[36mIngredient Load (0.8ms)[0m  [1m[34mSELECT "ingredients".* FROM "ingredients" WHERE "ingredients"."recipe_id" = ?[0m  [["recipe_id", 1]]
  Rendered recipes/show.html.erb within layouts/application (991.9ms)
Completed 500 Internal Server Error in 1517ms (ActiveRecord: 7.4ms)


  
ActionView::Template::Error (undefined method `description' for #<Ingredient:0x007fbff30f9870>):
    13: <p>
    14:   <strong>Ingredients:</strong>
    15:   <% @ingredients.each do |i| %>
    16:   <li><%= i.description %></li>
    17: <% end %>
    18: </p>
    19: 
  
app/views/recipes/show.html.erb:16:in `block in _app_views_recipes_show_html_erb___3579020945457737560_70231192885660'
app/views/recipes/show.html.erb:15:in `_app_views_recipes_show_html_erb___3579020945457737560_70231192885660'
Started PUT "/__web_console/repl_sessions/7181733feef5e41f0e965f3bf7fb6756" for 127.0.0.1 at 2017-09-11 15:39:42 -0400
Started PUT "/__web_console/repl_sessions/7181733feef5e41f0e965f3bf7fb6756" for 127.0.0.1 at 2017-09-11 15:39:49 -0400
Started PUT "/__web_console/repl_sessions/7181733feef5e41f0e965f3bf7fb6756" for 127.0.0.1 at 2017-09-11 15:39:57 -0400
Started PUT "/__web_console/repl_sessions/7181733feef5e41f0e965f3bf7fb6756" for 127.0.0.1 at 2017-09-11 15:39:58 -0400
Started PUT "/__web_console/repl_sessions/7181733feef5e41f0e965f3bf7fb6756" for 127.0.0.1 at 2017-09-11 15:40:03 -0400
Started PUT "/__web_console/repl_sessions/7181733feef5e41f0e965f3bf7fb6756" for 127.0.0.1 at 2017-09-11 15:40:07 -0400
Started PUT "/__web_console/repl_sessions/7181733feef5e41f0e965f3bf7fb6756" for 127.0.0.1 at 2017-09-11 15:40:17 -0400
Started PUT "/__web_console/repl_sessions/7181733feef5e41f0e965f3bf7fb6756" for 127.0.0.1 at 2017-09-11 15:40:20 -0400
Started GET "/recipes/1" for 127.0.0.1 at 2017-09-11 15:41:20 -0400
Processing by RecipesController#show as HTML
  Parameters: {"id"=>"1"}
  [1m[36mRecipe Load (26.1ms)[0m  [1m[34mSELECT  "recipes".* FROM "recipes" WHERE "recipes"."id" = ? LIMIT ?[0m  [["id", 1], ["LIMIT", 1]]
  Rendering recipes/show.html.erb within layouts/application
  [1m[36mIngredient Load (0.6ms)[0m  [1m[34mSELECT "ingredients".* FROM "ingredients" WHERE "ingredients"."recipe_id" = ?[0m  [["recipe_id", 1]]
  [1m[36mDirection Load (0.3ms)[0m  [1m[34mSELECT "directions".* FROM "directions" WHERE "directions"."recipe_id" = ?[0m  [["recipe_id", 1]]
  Rendered recipes/show.html.erb within layouts/application (133.2ms)
Completed 200 OK in 1382ms (Views: 1042.0ms | ActiveRecord: 27.1ms)


Started GET "/recipes/1" for 127.0.0.1 at 2017-09-11 15:42:19 -0400
Processing by RecipesController#show as HTML
  Parameters: {"id"=>"1"}
  [1m[36mRecipe Load (3.0ms)[0m  [1m[34mSELECT  "recipes".* FROM "recipes" WHERE "recipes"."id" = ? LIMIT ?[0m  [["id", 1], ["LIMIT", 1]]
  Rendering recipes/show.html.erb within layouts/application
  [1m[36mIngredient Load (0.4ms)[0m  [1m[34mSELECT "ingredients".* FROM "ingredients" WHERE "ingredients"."recipe_id" = ?[0m  [["recipe_id", 1]]
  [1m[36mDirection Load (0.5ms)[0m  [1m[34mSELECT "directions".* FROM "directions" WHERE "directions"."recipe_id" = ?[0m  [["recipe_id", 1]]
  Rendered recipes/show.html.erb within layouts/application (707.1ms)
Completed 200 OK in 2846ms (Views: 2703.1ms | ActiveRecord: 3.8ms)


Started GET "/recipes/1" for 127.0.0.1 at 2017-09-11 15:44:45 -0400
  [1m[35m (1.2ms)[0m  [1m[34mSELECT "schema_migrations"."version" FROM "schema_migrations" ORDER BY "schema_migrations"."version" ASC[0m
Processing by RecipesController#show as HTML
  Parameters: {"id"=>"1"}
  [1m[36mRecipe Load (2.0ms)[0m  [1m[34mSELECT  "recipes".* FROM "recipes" WHERE "recipes"."id" = ? LIMIT ?[0m  [["id", 1], ["LIMIT", 1]]
  Rendering recipes/show.html.erb within layouts/application
  [1m[36mIngredient Load (0.8ms)[0m  [1m[34mSELECT "ingredients".* FROM "ingredients" WHERE "ingredients"."recipe_id" = ?[0m  [["recipe_id", 1]]
  [1m[36mDirection Load (1.6ms)[0m  [1m[34mSELECT "directions".* FROM "directions" WHERE "directions"."recipe_id" = ?[0m  [["recipe_id", 1]]
  Rendered recipes/show.html.erb within layouts/application (131.7ms)
Completed 200 OK in 2536ms (Views: 1973.9ms | ActiveRecord: 8.6ms)


Started GET "/recipes/1" for 127.0.0.1 at 2017-09-11 15:45:57 -0400
Processing by RecipesController#show as HTML
  Parameters: {"id"=>"1"}
  [1m[36mRecipe Load (23.3ms)[0m  [1m[34mSELECT  "recipes".* FROM "recipes" WHERE "recipes"."id" = ? LIMIT ?[0m  [["id", 1], ["LIMIT", 1]]
  Rendering recipes/show.html.erb within layouts/application
  [1m[36mIngredient Load (47.6ms)[0m  [1m[34mSELECT "ingredients".* FROM "ingredients" WHERE "ingredients"."recipe_id" = ?[0m  [["recipe_id", 1]]
  [1m[36mDirection Load (3.5ms)[0m  [1m[34mSELECT "directions".* FROM "directions" WHERE "directions"."recipe_id" = ?[0m  [["recipe_id", 1]]
  Rendered recipes/show.html.erb within layouts/application (374.6ms)
Completed 500 Internal Server Error in 988ms (ActiveRecord: 253.5ms)


  
ActionView::Template::Error (undefined method `directions' for #<Direction:0x007fcdbebb6be0>
Did you mean?  description):
    20: <p>
    21:   <strong>Steps:</strong>
    22:   <% @directions.each do |i| %>
    23:   <li><%= i.directions %></li>
    24: <% end %>
    25: </p>
    26: 
  
app/views/recipes/show.html.erb:23:in `block in _app_views_recipes_show_html_erb___4221726431651779324_70260822472220'
app/views/recipes/show.html.erb:22:in `_app_views_recipes_show_html_erb___4221726431651779324_70260822472220'
Started GET "/recipes/1" for 127.0.0.1 at 2017-09-11 15:46:36 -0400
Processing by RecipesController#show as HTML
  Parameters: {"id"=>"1"}
  [1m[36mRecipe Load (3.8ms)[0m  [1m[34mSELECT  "recipes".* FROM "recipes" WHERE "recipes"."id" = ? LIMIT ?[0m  [["id", 1], ["LIMIT", 1]]
  Rendering recipes/show.html.erb within layouts/application
  [1m[36mIngredient Load (1.2ms)[0m  [1m[34mSELECT "ingredients".* FROM "ingredients" WHERE "ingredients"."recipe_id" = ?[0m  [["recipe_id", 1]]
  [1m[36mDirection Load (14.9ms)[0m  [1m[34mSELECT "directions".* FROM "directions" WHERE "directions"."recipe_id" = ?[0m  [["recipe_id", 1]]
  Rendered recipes/show.html.erb within layouts/application (489.3ms)
Completed 500 Internal Server Error in 637ms (ActiveRecord: 19.8ms)


  
ActionView::Template::Error (undefined method `direction' for #<Direction:0x007fcdbecc5ce8>
Did you mean?  description):
    20: <p>
    21:   <strong>Steps:</strong>
    22:   <% @directions.each do |i| %>
    23:   <li><%= i.direction %></li>
    24: <% end %>
    25: </p>
    26: 
  
app/views/recipes/show.html.erb:23:in `block in _app_views_recipes_show_html_erb___4221726431651779324_70260824323120'
app/views/recipes/show.html.erb:22:in `_app_views_recipes_show_html_erb___4221726431651779324_70260824323120'
Started GET "/recipes/1" for 127.0.0.1 at 2017-09-11 15:47:08 -0400
Processing by RecipesController#show as HTML
  Parameters: {"id"=>"1"}
  [1m[36mRecipe Load (3.7ms)[0m  [1m[34mSELECT  "recipes".* FROM "recipes" WHERE "recipes"."id" = ? LIMIT ?[0m  [["id", 1], ["LIMIT", 1]]
  Rendering recipes/show.html.erb within layouts/application
  [1m[36mIngredient Load (16.2ms)[0m  [1m[34mSELECT "ingredients".* FROM "ingredients" WHERE "ingredients"."recipe_id" = ?[0m  [["recipe_id", 1]]
  [1m[36mDirection Load (1.4ms)[0m  [1m[34mSELECT "directions".* FROM "directions" WHERE "directions"."recipe_id" = ?[0m  [["recipe_id", 1]]
  Rendered recipes/show.html.erb within layouts/application (168.2ms)
Completed 200 OK in 1445ms (Views: 1354.5ms | ActiveRecord: 21.2ms)


Started GET "/" for 127.0.0.1 at 2017-09-11 15:48:10 -0400
Processing by RecipesController#index as HTML
  Rendering recipes/index.html.erb within layouts/application
  [1m[36mRecipe Load (4.9ms)[0m  [1m[34mSELECT  "recipes".* FROM "recipes" LIMIT ? OFFSET ?[0m  [["LIMIT", 8], ["OFFSET", 0]]
  Rendered recipes/index.html.erb within layouts/application (616.6ms)
Completed 200 OK in 1876ms (Views: 1343.7ms | ActiveRecord: 4.9ms)


Started GET "/recipes/1" for 127.0.0.1 at 2017-09-11 15:52:59 -0400
  [1m[35m (10.9ms)[0m  [1m[34mSELECT "schema_migrations"."version" FROM "schema_migrations" ORDER BY "schema_migrations"."version" ASC[0m
Processing by RecipesController#show as HTML
  Parameters: {"id"=>"1"}
  [1m[36mRecipe Load (1.1ms)[0m  [1m[34mSELECT  "recipes".* FROM "recipes" WHERE "recipes"."id" = ? LIMIT ?[0m  [["id", 1], ["LIMIT", 1]]
  Rendering recipes/show.html.erb within layouts/application
  [1m[36mIngredient Load (0.9ms)[0m  [1m[34mSELECT "ingredients".* FROM "ingredients" WHERE "ingredients"."recipe_id" = ?[0m  [["recipe_id", 1]]
  [1m[36mDirection Load (0.8ms)[0m  [1m[34mSELECT "directions".* FROM "directions" WHERE "directions"."recipe_id" = ?[0m  [["recipe_id", 1]]
  Rendered recipes/show.html.erb within layouts/application (203.8ms)
Completed 200 OK in 2323ms (Views: 1964.5ms | ActiveRecord: 17.6ms)


Started GET "/" for 127.0.0.1 at 2017-09-11 15:53:14 -0400
Processing by RecipesController#index as HTML
  Rendering recipes/index.html.erb within layouts/application
  [1m[36mRecipe Load (0.8ms)[0m  [1m[34mSELECT  "recipes".* FROM "recipes" LIMIT ? OFFSET ?[0m  [["LIMIT", 8], ["OFFSET", 0]]
  Rendered recipes/index.html.erb within layouts/application (123.5ms)
Completed 200 OK in 324ms (Views: 314.1ms | ActiveRecord: 2.2ms)


Started GET "/" for 127.0.0.1 at 2017-09-11 15:55:21 -0400
  [1m[35m (3.1ms)[0m  [1m[34mSELECT "schema_migrations"."version" FROM "schema_migrations" ORDER BY "schema_migrations"."version" ASC[0m
Processing by RecipesController#index as HTML
  Rendering recipes/index.html.erb within layouts/application
  [1m[36mRecipe Load (1.0ms)[0m  [1m[34mSELECT  "recipes".* FROM "recipes" LIMIT ? OFFSET ?[0m  [["LIMIT", 8], ["OFFSET", 0]]
  Rendered recipes/index.html.erb within layouts/application (378.2ms)
Completed 200 OK in 3841ms (Views: 3593.9ms | ActiveRecord: 2.8ms)


Started GET "/" for 127.0.0.1 at 2017-09-11 15:56:17 -0400
Processing by RecipesController#index as HTML
  [1m[36mRecipe Load (6.4ms)[0m  [1m[34mSELECT  "recipes".* FROM "recipes" LIMIT ? OFFSET ?[0m  [["LIMIT", 8], ["OFFSET", 0]]
  Rendering recipes/index.html.erb within layouts/application
  Rendered recipes/index.html.erb within layouts/application (253.0ms)
Completed 200 OK in 75366ms (Views: 1268.8ms | ActiveRecord: 9.0ms)


Started GET "/" for 127.0.0.1 at 2017-09-11 15:59:25 -0400
Processing by RecipesController#index as HTML
  Rendering recipes/index.html.erb within layouts/application
  [1m[36mRecipe Load (1.0ms)[0m  [1m[34mSELECT  "recipes".* FROM "recipes" LIMIT ? OFFSET ?[0m  [["LIMIT", 8], ["OFFSET", 0]]
  Rendered recipes/index.html.erb within layouts/application (704.6ms)
Completed 200 OK in 2483ms (Views: 2292.2ms | ActiveRecord: 22.0ms)


Started GET "/recipes/1" for 127.0.0.1 at 2017-09-11 15:59:56 -0400
Processing by RecipesController#show as HTML
  Parameters: {"id"=>"1"}
  [1m[36mRecipe Load (5.1ms)[0m  [1m[34mSELECT  "recipes".* FROM "recipes" WHERE "recipes"."id" = ? LIMIT ?[0m  [["id", 1], ["LIMIT", 1]]
  Rendering recipes/show.html.erb within layouts/application
  [1m[36mIngredient Load (65.0ms)[0m  [1m[34mSELECT "ingredients".* FROM "ingredients" WHERE "ingredients"."recipe_id" = ?[0m  [["recipe_id", 1]]
  [1m[36mDirection Load (0.8ms)[0m  [1m[34mSELECT "directions".* FROM "directions" WHERE "directions"."recipe_id" = ?[0m  [["recipe_id", 1]]
  Rendered recipes/show.html.erb within layouts/application (564.6ms)
Completed 200 OK in 1701ms (Views: 909.1ms | ActiveRecord: 108.5ms)


Started GET "/" for 127.0.0.1 at 2017-09-11 16:00:03 -0400
Processing by RecipesController#index as HTML
  Rendering recipes/index.html.erb within layouts/application
  [1m[36mRecipe Load (2.1ms)[0m  [1m[34mSELECT  "recipes".* FROM "recipes" LIMIT ? OFFSET ?[0m  [["LIMIT", 8], ["OFFSET", 0]]
  Rendered recipes/index.html.erb within layouts/application (27.8ms)
Completed 200 OK in 330ms (Views: 193.0ms | ActiveRecord: 2.1ms)


Started GET "/" for 127.0.0.1 at 2017-09-11 16:00:43 -0400
Processing by RecipesController#index as HTML
  Rendering recipes/index.html.erb within layouts/application
  [1m[36mRecipe Load (3.2ms)[0m  [1m[34mSELECT  "recipes".* FROM "recipes" LIMIT ? OFFSET ?[0m  [["LIMIT", 8], ["OFFSET", 0]]
  Rendered recipes/index.html.erb within layouts/application (164.9ms)
Completed 200 OK in 1282ms (Views: 1181.0ms | ActiveRecord: 3.2ms)


Started GET "/" for 127.0.0.1 at 2017-09-11 16:03:52 -0400
Processing by RecipesController#index as HTML
  Rendering recipes/index.html.erb within layouts/application
  [1m[36mRecipe Load (16.7ms)[0m  [1m[34mSELECT  "recipes".* FROM "recipes" LIMIT ? OFFSET ?[0m  [["LIMIT", 8], ["OFFSET", 0]]
  [1m[35m (10.4ms)[0m  [1m[34mSELECT COUNT(*) FROM "ingredients" WHERE "ingredients"."recipe_id" = ?[0m  [["recipe_id", 1]]
  Rendered recipes/index.html.erb within layouts/application (741.3ms)
Completed 200 OK in 2819ms (Views: 2214.4ms | ActiveRecord: 27.2ms)


Started GET "/" for 127.0.0.1 at 2017-09-11 16:05:16 -0400
Processing by RecipesController#index as HTML
  Rendering recipes/index.html.erb within layouts/application
  [1m[36mRecipe Load (4.6ms)[0m  [1m[34mSELECT  "recipes".* FROM "recipes" LIMIT ? OFFSET ?[0m  [["LIMIT", 8], ["OFFSET", 0]]
  [1m[36mIngredient Load (30.8ms)[0m  [1m[34mSELECT "ingredients".* FROM "ingredients" WHERE "ingredients"."recipe_id" = ?[0m  [["recipe_id", 1]]
  Rendered recipes/index.html.erb within layouts/application (416.7ms)
Completed 200 OK in 1738ms (Views: 1594.3ms | ActiveRecord: 35.4ms)


Started GET "/" for 127.0.0.1 at 2017-09-11 16:06:34 -0400
Processing by RecipesController#index as HTML
  Rendering recipes/index.html.erb within layouts/application
  [1m[36mRecipe Load (3.9ms)[0m  [1m[34mSELECT  "recipes".* FROM "recipes" LIMIT ? OFFSET ?[0m  [["LIMIT", 8], ["OFFSET", 0]]
  [1m[36mIngredient Load (1.9ms)[0m  [1m[34mSELECT "ingredients".* FROM "ingredients" WHERE "ingredients"."recipe_id" = ?[0m  [["recipe_id", 1]]
  Rendered recipes/index.html.erb within layouts/application (3060.6ms)
Completed 200 OK in 4366ms (Views: 3962.9ms | ActiveRecord: 5.8ms)


Started GET "/recipes/1" for 127.0.0.1 at 2017-09-11 16:07:14 -0400
Processing by RecipesController#show as HTML
  Parameters: {"id"=>"1"}
  [1m[36mRecipe Load (3.2ms)[0m  [1m[34mSELECT  "recipes".* FROM "recipes" WHERE "recipes"."id" = ? LIMIT ?[0m  [["id", 1], ["LIMIT", 1]]
  Rendering recipes/show.html.erb within layouts/application
  [1m[36mIngredient Load (0.6ms)[0m  [1m[34mSELECT "ingredients".* FROM "ingredients" WHERE "ingredients"."recipe_id" = ?[0m  [["recipe_id", 1]]
  [1m[36mDirection Load (5.1ms)[0m  [1m[34mSELECT "directions".* FROM "directions" WHERE "directions"."recipe_id" = ?[0m  [["recipe_id", 1]]
  Rendered recipes/show.html.erb within layouts/application (98.5ms)
Completed 200 OK in 1208ms (Views: 1099.4ms | ActiveRecord: 8.8ms)


Started GET "/" for 127.0.0.1 at 2017-09-11 16:08:56 -0400
Processing by RecipesController#index as HTML
  Rendering recipes/index.html.erb within layouts/application
  [1m[36mRecipe Load (10.9ms)[0m  [1m[34mSELECT  "recipes".* FROM "recipes" LIMIT ? OFFSET ?[0m  [["LIMIT", 8], ["OFFSET", 0]]
  [1m[36mIngredient Load (8.9ms)[0m  [1m[34mSELECT "ingredients".* FROM "ingredients" WHERE "ingredients"."recipe_id" = ?[0m  [["recipe_id", 1]]
  Rendered recipes/index.html.erb within layouts/application (526.1ms)
Completed 200 OK in 3372ms (Views: 3043.4ms | ActiveRecord: 19.8ms)


Started GET "/" for 127.0.0.1 at 2017-09-11 16:09:25 -0400
Processing by RecipesController#index as HTML
  Rendering recipes/index.html.erb within layouts/application
  [1m[36mRecipe Load (24.7ms)[0m  [1m[34mSELECT  "recipes".* FROM "recipes" LIMIT ? OFFSET ?[0m  [["LIMIT", 8], ["OFFSET", 0]]
  [1m[36mIngredient Load (125.1ms)[0m  [1m[34mSELECT  "ingredients".* FROM "ingredients" WHERE "ingredients"."recipe_id" = ? LIMIT ?[0m  [["recipe_id", 1], ["LIMIT", 11]]
  Rendered recipes/index.html.erb within layouts/application (2653.9ms)
Completed 500 Internal Server Error in 3232ms (ActiveRecord: 149.8ms)


  
ActionView::Template::Error (undefined method `ingredient' for #<Ingredient::ActiveRecord_Associations_CollectionProxy:0x007fbc151876c0>):
    15:         <% @recipes.each do |recipe| %>
    16:           <tr class="body">
    17:             <td><%= recipe.name %></td>
    18:             <td><% recipe.ingredients.ingredient %></td>
    19:             <td><%= recipe.description %></td>
    20:             <td class="button"><%= link_to 'Show', recipe %></td>
    21:             <td class="button"><%= link_to 'Edit', edit_recipe_path(recipe) %></td>
  
app/views/recipes/index.html.erb:18:in `block in _app_views_recipes_index_html_erb___2385005404313228036_70222890593780'
app/views/recipes/index.html.erb:15:in `_app_views_recipes_index_html_erb___2385005404313228036_70222890593780'
Started GET "/" for 127.0.0.1 at 2017-09-11 16:09:54 -0400
Processing by RecipesController#index as HTML
  Rendering recipes/index.html.erb within layouts/application
  [1m[36mRecipe Load (13.1ms)[0m  [1m[34mSELECT  "recipes".* FROM "recipes" LIMIT ? OFFSET ?[0m  [["LIMIT", 8], ["OFFSET", 0]]
  [1m[35m (32.9ms)[0m  [1m[34mSELECT COUNT(*) FROM "ingredients" WHERE "ingredients"."recipe_id" = ?[0m  [["recipe_id", 1]]
  Rendered recipes/index.html.erb within layouts/application (580.5ms)
Completed 200 OK in 3154ms (Views: 2587.0ms | ActiveRecord: 46.0ms)


Started GET "/recipes/new" for 127.0.0.1 at 2017-09-11 16:17:44 -0400
Processing by RecipesController#new as HTML
  Rendering recipes/new.html.erb within layouts/application
  Rendered recipes/_ingredient_fields.html.erb (59.7ms)
  Rendered recipes/_direction_fields.html.erb (65.1ms)
  Rendered recipes/_form.html.erb (1907.4ms)
  Rendered recipes/new.html.erb within layouts/application (2123.0ms)
Completed 200 OK in 3665ms (Views: 3392.7ms | ActiveRecord: 0.0ms)


Started GET "/" for 127.0.0.1 at 2017-09-11 16:18:02 -0400
Processing by RecipesController#index as HTML
  Rendering recipes/index.html.erb within layouts/application
  [1m[36mRecipe Load (14.5ms)[0m  [1m[34mSELECT  "recipes".* FROM "recipes" LIMIT ? OFFSET ?[0m  [["LIMIT", 8], ["OFFSET", 0]]
  [1m[35m (6.5ms)[0m  [1m[34mSELECT COUNT(*) FROM "ingredients" WHERE "ingredients"."recipe_id" = ?[0m  [["recipe_id", 1]]
  Rendered recipes/index.html.erb within layouts/application (185.1ms)
Completed 200 OK in 870ms (Views: 802.0ms | ActiveRecord: 21.1ms)


Started GET "/recipes/1" for 127.0.0.1 at 2017-09-11 16:18:12 -0400
Processing by RecipesController#show as HTML
  Parameters: {"id"=>"1"}
  [1m[36mRecipe Load (1.5ms)[0m  [1m[34mSELECT  "recipes".* FROM "recipes" WHERE "recipes"."id" = ? LIMIT ?[0m  [["id", 1], ["LIMIT", 1]]
  Rendering recipes/show.html.erb within layouts/application
  [1m[36mIngredient Load (0.4ms)[0m  [1m[34mSELECT "ingredients".* FROM "ingredients" WHERE "ingredients"."recipe_id" = ?[0m  [["recipe_id", 1]]
  [1m[36mDirection Load (2.5ms)[0m  [1m[34mSELECT "directions".* FROM "directions" WHERE "directions"."recipe_id" = ?[0m  [["recipe_id", 1]]
  Rendered recipes/show.html.erb within layouts/application (19.5ms)
Completed 200 OK in 311ms (Views: 277.4ms | ActiveRecord: 4.3ms)


